
PLAY [all] ********************************************************************************************************************************************************************************************************************************************************************************************************

TASK [Gathering Facts] ********************************************************************************************************************************************************************************************************************************************************************************************
ok: [worker-node]
ok: [master-node]

TASK [kube_accounts : create the kube user] ***********************************************************************************************************************************************************************************************************************************************************************
ok: [worker-node]
ok: [master-node]

TASK [kube_accounts : allow kube to have passwordless sudo] *******************************************************************************************************************************************************************************************************************************************************
ok: [worker-node]
ok: [master-node]

TASK [kube_accounts : set up authorized keys for the kube user] ***************************************************************************************************************************************************************************************************************************************************
ok: [worker-node] => (item=ssh-rsa AAAAB3NzaC1yc2EAAAADAQABAAABgQDLSLHBzTUuLro/HkUGFoMV/yL+vXRataVOvAnUk356Z/KznDmu1m79QfDWZZA8zAC7HdkypX3I32x19FEnFhEoj0wUYUR/5FCMrdY0a94woDsw3Y2BpL6XSRdf65/RZblmlG35GWh9Zaqx7WAzT1s/gc2DoLgzQSckpGMU7jQRHfOXOP0T0zTZTsmxSq9gCx3SnuLO49YHeCgrgrgdDwld0zWvb5eoHnpinWvJbQb5i8R/AIh/ZaP4wIS4FuPUjHlU/iN59S7O3TWKObU/GGa4uAjG3d0lFglopFDipSPqzNpPWASLRq8z5d7wjSjjMDTbprDeTozHGxLIz1MWi5Vy5F7HIuNfJ/1nidcj7Dtw0uwk9R6WMRDcGuUyX2w8Xvywv1s+z2tJynjfHxOrihHXb1kaUCQqjwAiTWQlH7DtBs+BaY070tdpgXdYvu/FU4+iaEzxrNC4tfAeWSHVBiA3FOVnrbOVxEUFso6eor97Ed3Gfjs4Zurt4Fqj93rEvx0= victor@ubnt)
ok: [master-node] => (item=ssh-rsa AAAAB3NzaC1yc2EAAAADAQABAAABgQDLSLHBzTUuLro/HkUGFoMV/yL+vXRataVOvAnUk356Z/KznDmu1m79QfDWZZA8zAC7HdkypX3I32x19FEnFhEoj0wUYUR/5FCMrdY0a94woDsw3Y2BpL6XSRdf65/RZblmlG35GWh9Zaqx7WAzT1s/gc2DoLgzQSckpGMU7jQRHfOXOP0T0zTZTsmxSq9gCx3SnuLO49YHeCgrgrgdDwld0zWvb5eoHnpinWvJbQb5i8R/AIh/ZaP4wIS4FuPUjHlU/iN59S7O3TWKObU/GGa4uAjG3d0lFglopFDipSPqzNpPWASLRq8z5d7wjSjjMDTbprDeTozHGxLIz1MWi5Vy5F7HIuNfJ/1nidcj7Dtw0uwk9R6WMRDcGuUyX2w8Xvywv1s+z2tJynjfHxOrihHXb1kaUCQqjwAiTWQlH7DtBs+BaY070tdpgXdYvu/FU4+iaEzxrNC4tfAeWSHVBiA3FOVnrbOVxEUFso6eor97Ed3Gfjs4Zurt4Fqj93rEvx0= victor@ubnt)

TASK [kube_dependencies : install Docker] *************************************************************************************************************************************************************************************************************************************************************************
ok: [worker-node]
ok: [master-node]

TASK [kube_dependencies : install APT Transport HTTPS] ************************************************************************************************************************************************************************************************************************************************************
ok: [worker-node]
ok: [master-node]

TASK [kube_dependencies : add Kubernetes apt-key] *****************************************************************************************************************************************************************************************************************************************************************
ok: [worker-node]
ok: [master-node]

TASK [kube_dependencies : add Kubernetes' APT repository] *********************************************************************************************************************************************************************************************************************************************************
ok: [worker-node]
ok: [master-node]

TASK [kube_dependencies : install kubelet] ************************************************************************************************************************************************************************************************************************************************************************
ok: [worker-node]
ok: [master-node]

TASK [kube_dependencies : install kubeadm] ************************************************************************************************************************************************************************************************************************************************************************
ok: [worker-node]
ok: [master-node]

TASK [kube_dependencies : install kubectl] ************************************************************************************************************************************************************************************************************************************************************************
skipping: [worker-node]
ok: [master-node]

TASK [kube_masters : initialize the cluster] **********************************************************************************************************************************************************************************************************************************************************************
skipping: [worker-node]
ok: [master-node]

TASK [kube_masters : create .kube directory] **********************************************************************************************************************************************************************************************************************************************************************
skipping: [worker-node] => (item=kube) 
skipping: [worker-node] => (item=ubuntu) 
ok: [master-node] => (item=kube)
changed: [master-node] => (item=ubuntu)

TASK [kube_masters : copy admin.conf to user's kube config] *******************************************************************************************************************************************************************************************************************************************************
skipping: [worker-node] => (item=kube) 
skipping: [worker-node] => (item=ubuntu) 
changed: [master-node] => (item=kube)
ok: [master-node] => (item=ubuntu)

TASK [kube_masters : install dashboard] ***************************************************************************************************************************************************************************************************************************************************************************
skipping: [worker-node]
ok: [master-node]

TASK [kube_workers : get join command] ****************************************************************************************************************************************************************************************************************************************************************************
skipping: [worker-node]
changed: [master-node]

TASK [kube_workers : set join command] ****************************************************************************************************************************************************************************************************************************************************************************
ok: [master-node]
skipping: [worker-node]

TASK [kube_workers : join cluster] ********************************************************************************************************************************************************************************************************************************************************************************
skipping: [master-node]
ok: [worker-node]

PLAY RECAP ********************************************************************************************************************************************************************************************************************************************************************************************************
master-node                : ok=17   changed=3    unreachable=0    failed=0    skipped=1    rescued=0    ignored=0   
worker-node                : ok=11   changed=0    unreachable=0    failed=0    skipped=7    rescued=0    ignored=0   

